<?xml version="1.0" encoding="UTF-8"?>
<testng-results total="1" passed="1" failed="0" skipped="0">
  <reporter-output>
  </reporter-output>
  <suite started-at="2020-07-02T22:02:29Z" name="Default suite" finished-at="2020-07-02T22:03:16Z" duration-ms="46668">
    <groups>
    </groups>
    <test started-at="2020-07-02T22:02:29Z" name="GCTest" finished-at="2020-07-02T22:03:16Z" duration-ms="46668">
      <class name="test.TestNG_TestRunner">
        <test-method signature="CucumberRunner()[pri:0, instance:test.TestNG_TestRunner@f8c1ddd]" started-at="2020-07-03T03:32:29Z" name="CucumberRunner" test-instance-name="" finished-at="2020-07-03T03:33:16Z" duration-ms="46629" status="PASS">
          <reporter-output>
          </reporter-output>
        </test-method> <!-- CucumberRunner -->
      </class> <!-- test.TestNG_TestRunner -->
    </test> <!-- GCTest -->
  </suite> <!-- Default suite -->
</testng-results>
