<?xml version="1.0" encoding="UTF-8"?>
<testng-results total="1" passed="1" failed="0" skipped="0">
  <reporter-output>
  </reporter-output>
  <suite started-at="2020-07-02T20:53:37Z" name="Default suite" finished-at="2020-07-02T20:54:37Z" duration-ms="60249">
    <groups>
    </groups>
    <test started-at="2020-07-02T20:53:37Z" name="GCTest" finished-at="2020-07-02T20:54:37Z" duration-ms="60249">
      <class name="test.TestNG_TestRunner">
        <test-method signature="CucumberRunner()[pri:0, instance:test.TestNG_TestRunner@45dd4eda]" started-at="2020-07-03T02:23:37Z" name="CucumberRunner" test-instance-name="" finished-at="2020-07-03T02:24:37Z" duration-ms="60186" status="PASS">
          <reporter-output>
          </reporter-output>
        </test-method> <!-- CucumberRunner -->
      </class> <!-- test.TestNG_TestRunner -->
    </test> <!-- GCTest -->
  </suite> <!-- Default suite -->
</testng-results>
